C:\USERS\POSIEDON_USER\DOCUMENTS\OF_V0.8.4_VS_RELEASE\APPS\MYAPPS\HAPPLAYER\OBJ\DEBUG\OFXHAPPLAYER.OBJ
C:\USERS\POSIEDON_USER\DOCUMENTS\OF_V0.8.4_VS_RELEASE\APPS\MYAPPS\HAPPLAYER\OBJ\DEBUG\HAPSUPPORT.OBJ
C:\USERS\POSIEDON_USER\DOCUMENTS\OF_V0.8.4_VS_RELEASE\APPS\MYAPPS\HAPPLAYER\OBJ\DEBUG\VC110.PDB
C:\USERS\POSIEDON_USER\DOCUMENTS\OF_V0.8.4_VS_RELEASE\APPS\MYAPPS\HAPPLAYER\OBJ\DEBUG\OFAPP.OBJ
C:\USERS\POSIEDON_USER\DOCUMENTS\OF_V0.8.4_VS_RELEASE\APPS\MYAPPS\HAPPLAYER\OBJ\DEBUG\MAIN.OBJ
C:\Users\Posiedon_User\Documents\of_v0.8.4_vs_release\apps\myApps\HapPlayer\bin\HapPlayer_debug.lib
C:\Users\Posiedon_User\Documents\of_v0.8.4_vs_release\apps\myApps\HapPlayer\bin\HapPlayer_debug.exp
C:\USERS\POSIEDON_USER\DOCUMENTS\OF_V0.8.4_VS_RELEASE\APPS\MYAPPS\HAPPLAYER\BIN\HAPPLAYER_DEBUG.ILK
C:\USERS\POSIEDON_USER\DOCUMENTS\OF_V0.8.4_VS_RELEASE\APPS\MYAPPS\HAPPLAYER\BIN\HAPPLAYER_DEBUG.EXE
C:\USERS\POSIEDON_USER\DOCUMENTS\OF_V0.8.4_VS_RELEASE\APPS\MYAPPS\HAPPLAYER\BIN\HAPPLAYER_DEBUG.PDB
C:\USERS\POSIEDON_USER\DOCUMENTS\OF_V0.8.4_VS_RELEASE\APPS\MYAPPS\HAPPLAYER\OBJ\DEBUG\ICON.RES
C:\Users\Posiedon_User\Documents\of_v0.8.4_vs_release\apps\myApps\HapPlayer\obj\Debug\HapPlayer.vcxprojResolveAssemblyReference.cache
C:\Users\Posiedon_User\Documents\of_v0.8.4_vs_release\apps\myApps\HapPlayer\obj\Debug\HapSupport.obj
C:\Users\Posiedon_User\Documents\of_v0.8.4_vs_release\apps\myApps\HapPlayer\obj\Debug\main.obj
C:\Users\Posiedon_User\Documents\of_v0.8.4_vs_release\apps\myApps\HapPlayer\obj\Debug\ofApp.obj
C:\Users\Posiedon_User\Documents\of_v0.8.4_vs_release\apps\myApps\HapPlayer\obj\Debug\cl.command.1.tlog
C:\Users\Posiedon_User\Documents\of_v0.8.4_vs_release\apps\myApps\HapPlayer\obj\Debug\CL.read.1.tlog
C:\Users\Posiedon_User\Documents\of_v0.8.4_vs_release\apps\myApps\HapPlayer\obj\Debug\CL.write.1.tlog
C:\Users\Posiedon_User\Documents\of_v0.8.4_vs_release\apps\myApps\HapPlayer\obj\Debug\HapPlayer.write.1.tlog
C:\Users\Posiedon_User\Documents\of_v0.8.4_vs_release\apps\myApps\HapPlayer\obj\Debug\link-cvtres.read.1.tlog
C:\Users\Posiedon_User\Documents\of_v0.8.4_vs_release\apps\myApps\HapPlayer\obj\Debug\link-cvtres.write.1.tlog
C:\Users\Posiedon_User\Documents\of_v0.8.4_vs_release\apps\myApps\HapPlayer\obj\Debug\link-rc.read.1.tlog
C:\Users\Posiedon_User\Documents\of_v0.8.4_vs_release\apps\myApps\HapPlayer\obj\Debug\link-rc.write.1.tlog
C:\Users\Posiedon_User\Documents\of_v0.8.4_vs_release\apps\myApps\HapPlayer\obj\Debug\link.10000-cvtres.read.1.tlog
C:\Users\Posiedon_User\Documents\of_v0.8.4_vs_release\apps\myApps\HapPlayer\obj\Debug\link.10000-cvtres.write.1.tlog
C:\Users\Posiedon_User\Documents\of_v0.8.4_vs_release\apps\myApps\HapPlayer\obj\Debug\link.10000-rc.read.1.tlog
C:\Users\Posiedon_User\Documents\of_v0.8.4_vs_release\apps\myApps\HapPlayer\obj\Debug\link.10000-rc.write.1.tlog
C:\Users\Posiedon_User\Documents\of_v0.8.4_vs_release\apps\myApps\HapPlayer\obj\Debug\link.10000.read.1.tlog
C:\Users\Posiedon_User\Documents\of_v0.8.4_vs_release\apps\myApps\HapPlayer\obj\Debug\link.10000.write.1.tlog
C:\Users\Posiedon_User\Documents\of_v0.8.4_vs_release\apps\myApps\HapPlayer\obj\Debug\link.10148-cvtres.read.1.tlog
C:\Users\Posiedon_User\Documents\of_v0.8.4_vs_release\apps\myApps\HapPlayer\obj\Debug\link.10148-cvtres.write.1.tlog
C:\Users\Posiedon_User\Documents\of_v0.8.4_vs_release\apps\myApps\HapPlayer\obj\Debug\link.10148-rc.read.1.tlog
C:\Users\Posiedon_User\Documents\of_v0.8.4_vs_release\apps\myApps\HapPlayer\obj\Debug\link.10148-rc.write.1.tlog
C:\Users\Posiedon_User\Documents\of_v0.8.4_vs_release\apps\myApps\HapPlayer\obj\Debug\link.10148.read.1.tlog
C:\Users\Posiedon_User\Documents\of_v0.8.4_vs_release\apps\myApps\HapPlayer\obj\Debug\link.10148.write.1.tlog
C:\Users\Posiedon_User\Documents\of_v0.8.4_vs_release\apps\myApps\HapPlayer\obj\Debug\link.10288-cvtres.read.1.tlog
C:\Users\Posiedon_User\Documents\of_v0.8.4_vs_release\apps\myApps\HapPlayer\obj\Debug\link.10288-cvtres.write.1.tlog
C:\Users\Posiedon_User\Documents\of_v0.8.4_vs_release\apps\myApps\HapPlayer\obj\Debug\link.10288-rc.read.1.tlog
C:\Users\Posiedon_User\Documents\of_v0.8.4_vs_release\apps\myApps\HapPlayer\obj\Debug\link.10288-rc.write.1.tlog
C:\Users\Posiedon_User\Documents\of_v0.8.4_vs_release\apps\myApps\HapPlayer\obj\Debug\link.10288.read.1.tlog
C:\Users\Posiedon_User\Documents\of_v0.8.4_vs_release\apps\myApps\HapPlayer\obj\Debug\link.10288.write.1.tlog
C:\Users\Posiedon_User\Documents\of_v0.8.4_vs_release\apps\myApps\HapPlayer\obj\Debug\link.10416-cvtres.read.1.tlog
C:\Users\Posiedon_User\Documents\of_v0.8.4_vs_release\apps\myApps\HapPlayer\obj\Debug\link.10416-cvtres.write.1.tlog
C:\Users\Posiedon_User\Documents\of_v0.8.4_vs_release\apps\myApps\HapPlayer\obj\Debug\link.10416-rc.read.1.tlog
C:\Users\Posiedon_User\Documents\of_v0.8.4_vs_release\apps\myApps\HapPlayer\obj\Debug\link.10416-rc.write.1.tlog
C:\Users\Posiedon_User\Documents\of_v0.8.4_vs_release\apps\myApps\HapPlayer\obj\Debug\link.10416.read.1.tlog
C:\Users\Posiedon_User\Documents\of_v0.8.4_vs_release\apps\myApps\HapPlayer\obj\Debug\link.10416.write.1.tlog
C:\Users\Posiedon_User\Documents\of_v0.8.4_vs_release\apps\myApps\HapPlayer\obj\Debug\link.10856-cvtres.read.1.tlog
C:\Users\Posiedon_User\Documents\of_v0.8.4_vs_release\apps\myApps\HapPlayer\obj\Debug\link.10856-cvtres.write.1.tlog
C:\Users\Posiedon_User\Documents\of_v0.8.4_vs_release\apps\myApps\HapPlayer\obj\Debug\link.10856-rc.read.1.tlog
C:\Users\Posiedon_User\Documents\of_v0.8.4_vs_release\apps\myApps\HapPlayer\obj\Debug\link.10856-rc.write.1.tlog
C:\Users\Posiedon_User\Documents\of_v0.8.4_vs_release\apps\myApps\HapPlayer\obj\Debug\link.10856.read.1.tlog
C:\Users\Posiedon_User\Documents\of_v0.8.4_vs_release\apps\myApps\HapPlayer\obj\Debug\link.10856.write.1.tlog
C:\Users\Posiedon_User\Documents\of_v0.8.4_vs_release\apps\myApps\HapPlayer\obj\Debug\link.11868-cvtres.read.1.tlog
C:\Users\Posiedon_User\Documents\of_v0.8.4_vs_release\apps\myApps\HapPlayer\obj\Debug\link.11868-cvtres.write.1.tlog
C:\Users\Posiedon_User\Documents\of_v0.8.4_vs_release\apps\myApps\HapPlayer\obj\Debug\link.11868-rc.read.1.tlog
C:\Users\Posiedon_User\Documents\of_v0.8.4_vs_release\apps\myApps\HapPlayer\obj\Debug\link.11868-rc.write.1.tlog
C:\Users\Posiedon_User\Documents\of_v0.8.4_vs_release\apps\myApps\HapPlayer\obj\Debug\link.11868.read.1.tlog
C:\Users\Posiedon_User\Documents\of_v0.8.4_vs_release\apps\myApps\HapPlayer\obj\Debug\link.11868.write.1.tlog
C:\Users\Posiedon_User\Documents\of_v0.8.4_vs_release\apps\myApps\HapPlayer\obj\Debug\link.12304-cvtres.read.1.tlog
C:\Users\Posiedon_User\Documents\of_v0.8.4_vs_release\apps\myApps\HapPlayer\obj\Debug\link.12304-cvtres.write.1.tlog
C:\Users\Posiedon_User\Documents\of_v0.8.4_vs_release\apps\myApps\HapPlayer\obj\Debug\link.12304-rc.read.1.tlog
C:\Users\Posiedon_User\Documents\of_v0.8.4_vs_release\apps\myApps\HapPlayer\obj\Debug\link.12304-rc.write.1.tlog
C:\Users\Posiedon_User\Documents\of_v0.8.4_vs_release\apps\myApps\HapPlayer\obj\Debug\link.12304.read.1.tlog
C:\Users\Posiedon_User\Documents\of_v0.8.4_vs_release\apps\myApps\HapPlayer\obj\Debug\link.12304.write.1.tlog
C:\Users\Posiedon_User\Documents\of_v0.8.4_vs_release\apps\myApps\HapPlayer\obj\Debug\link.12528-cvtres.read.1.tlog
C:\Users\Posiedon_User\Documents\of_v0.8.4_vs_release\apps\myApps\HapPlayer\obj\Debug\link.12528-cvtres.write.1.tlog
C:\Users\Posiedon_User\Documents\of_v0.8.4_vs_release\apps\myApps\HapPlayer\obj\Debug\link.12528-rc.read.1.tlog
C:\Users\Posiedon_User\Documents\of_v0.8.4_vs_release\apps\myApps\HapPlayer\obj\Debug\link.12528-rc.write.1.tlog
C:\Users\Posiedon_User\Documents\of_v0.8.4_vs_release\apps\myApps\HapPlayer\obj\Debug\link.12528.read.1.tlog
C:\Users\Posiedon_User\Documents\of_v0.8.4_vs_release\apps\myApps\HapPlayer\obj\Debug\link.12528.write.1.tlog
C:\Users\Posiedon_User\Documents\of_v0.8.4_vs_release\apps\myApps\HapPlayer\obj\Debug\link.13088-cvtres.read.1.tlog
C:\Users\Posiedon_User\Documents\of_v0.8.4_vs_release\apps\myApps\HapPlayer\obj\Debug\link.13088-cvtres.write.1.tlog
C:\Users\Posiedon_User\Documents\of_v0.8.4_vs_release\apps\myApps\HapPlayer\obj\Debug\link.13088-rc.read.1.tlog
C:\Users\Posiedon_User\Documents\of_v0.8.4_vs_release\apps\myApps\HapPlayer\obj\Debug\link.13088-rc.write.1.tlog
C:\Users\Posiedon_User\Documents\of_v0.8.4_vs_release\apps\myApps\HapPlayer\obj\Debug\link.13088.read.1.tlog
C:\Users\Posiedon_User\Documents\of_v0.8.4_vs_release\apps\myApps\HapPlayer\obj\Debug\link.13088.write.1.tlog
C:\Users\Posiedon_User\Documents\of_v0.8.4_vs_release\apps\myApps\HapPlayer\obj\Debug\link.13280-cvtres.read.1.tlog
C:\Users\Posiedon_User\Documents\of_v0.8.4_vs_release\apps\myApps\HapPlayer\obj\Debug\link.13280-cvtres.write.1.tlog
C:\Users\Posiedon_User\Documents\of_v0.8.4_vs_release\apps\myApps\HapPlayer\obj\Debug\link.13280-rc.read.1.tlog
C:\Users\Posiedon_User\Documents\of_v0.8.4_vs_release\apps\myApps\HapPlayer\obj\Debug\link.13280-rc.write.1.tlog
C:\Users\Posiedon_User\Documents\of_v0.8.4_vs_release\apps\myApps\HapPlayer\obj\Debug\link.13280.read.1.tlog
C:\Users\Posiedon_User\Documents\of_v0.8.4_vs_release\apps\myApps\HapPlayer\obj\Debug\link.13280.write.1.tlog
C:\Users\Posiedon_User\Documents\of_v0.8.4_vs_release\apps\myApps\HapPlayer\obj\Debug\link.5812-cvtres.read.1.tlog
C:\Users\Posiedon_User\Documents\of_v0.8.4_vs_release\apps\myApps\HapPlayer\obj\Debug\link.5812-cvtres.write.1.tlog
C:\Users\Posiedon_User\Documents\of_v0.8.4_vs_release\apps\myApps\HapPlayer\obj\Debug\link.5812-rc.read.1.tlog
C:\Users\Posiedon_User\Documents\of_v0.8.4_vs_release\apps\myApps\HapPlayer\obj\Debug\link.5812-rc.write.1.tlog
C:\Users\Posiedon_User\Documents\of_v0.8.4_vs_release\apps\myApps\HapPlayer\obj\Debug\link.5812.read.1.tlog
C:\Users\Posiedon_User\Documents\of_v0.8.4_vs_release\apps\myApps\HapPlayer\obj\Debug\link.5812.write.1.tlog
C:\Users\Posiedon_User\Documents\of_v0.8.4_vs_release\apps\myApps\HapPlayer\obj\Debug\link.8348-cvtres.read.1.tlog
C:\Users\Posiedon_User\Documents\of_v0.8.4_vs_release\apps\myApps\HapPlayer\obj\Debug\link.8348-cvtres.write.1.tlog
C:\Users\Posiedon_User\Documents\of_v0.8.4_vs_release\apps\myApps\HapPlayer\obj\Debug\link.8348-rc.read.1.tlog
C:\Users\Posiedon_User\Documents\of_v0.8.4_vs_release\apps\myApps\HapPlayer\obj\Debug\link.8348-rc.write.1.tlog
C:\Users\Posiedon_User\Documents\of_v0.8.4_vs_release\apps\myApps\HapPlayer\obj\Debug\link.8348.read.1.tlog
C:\Users\Posiedon_User\Documents\of_v0.8.4_vs_release\apps\myApps\HapPlayer\obj\Debug\link.8348.write.1.tlog
C:\Users\Posiedon_User\Documents\of_v0.8.4_vs_release\apps\myApps\HapPlayer\obj\Debug\link.9548-cvtres.read.1.tlog
C:\Users\Posiedon_User\Documents\of_v0.8.4_vs_release\apps\myApps\HapPlayer\obj\Debug\link.9548-cvtres.write.1.tlog
C:\Users\Posiedon_User\Documents\of_v0.8.4_vs_release\apps\myApps\HapPlayer\obj\Debug\link.9548-rc.read.1.tlog
C:\Users\Posiedon_User\Documents\of_v0.8.4_vs_release\apps\myApps\HapPlayer\obj\Debug\link.9548-rc.write.1.tlog
C:\Users\Posiedon_User\Documents\of_v0.8.4_vs_release\apps\myApps\HapPlayer\obj\Debug\link.9548.read.1.tlog
C:\Users\Posiedon_User\Documents\of_v0.8.4_vs_release\apps\myApps\HapPlayer\obj\Debug\link.9548.write.1.tlog
C:\Users\Posiedon_User\Documents\of_v0.8.4_vs_release\apps\myApps\HapPlayer\obj\Debug\link.command.1.tlog
C:\Users\Posiedon_User\Documents\of_v0.8.4_vs_release\apps\myApps\HapPlayer\obj\Debug\link.read.1.tlog
C:\Users\Posiedon_User\Documents\of_v0.8.4_vs_release\apps\myApps\HapPlayer\obj\Debug\link.write.1.tlog
C:\Users\Posiedon_User\Documents\of_v0.8.4_vs_release\apps\myApps\HapPlayer\obj\Debug\rc.command.1.tlog
C:\Users\Posiedon_User\Documents\of_v0.8.4_vs_release\apps\myApps\HapPlayer\obj\Debug\rc.read.1.tlog
C:\Users\Posiedon_User\Documents\of_v0.8.4_vs_release\apps\myApps\HapPlayer\obj\Debug\rc.write.1.tlog
C:\Users\Posiedon_User\Documents\of_v0.8.4_vs_release\apps\myApps\HapPlayer\obj\Debug\icon.res
C:\Users\Posiedon_User\Documents\of_v0.8.4_vs_release\apps\myApps\HapPlayer\obj\Debug\vc110.idb
C:\Users\Posiedon_User\Documents\of_v0.8.4_vs_release\apps\myApps\HapPlayer\obj\Debug\vc110.pdb
C:\Users\Posiedon_User\Documents\of_v0.8.4_vs_release\apps\myApps\HapPlayer\bin\HapPlayer_debug.exe
