H:\TADAIMA\OF_V0.8.4_VS_RELEASE\APPS\MYAPPS\HAPPLAYER\OBJ\DEBUG\MAIN.OBJ
H:\TADAIMA\OF_V0.8.4_VS_RELEASE\APPS\MYAPPS\HAPPLAYER\OBJ\DEBUG\OFAPP.OBJ
H:\TADAIMA\OF_V0.8.4_VS_RELEASE\APPS\MYAPPS\HAPPLAYER\OBJ\DEBUG\OFXHAPPLAYER.OBJ
H:\TADAIMA\OF_V0.8.4_VS_RELEASE\APPS\MYAPPS\HAPPLAYER\OBJ\DEBUG\HAPSUPPORT.OBJ
H:\TADAIMA\OF_V0.8.4_VS_RELEASE\APPS\MYAPPS\HAPPLAYER\OBJ\DEBUG\VC110.PDB
䡞尺慔慤浩屡景癟⸰⸸弴獶牟汥慥敳慜灰屳祭灁獰䡜灡汐祡牥䡜灡汐祡牥瘮硣牰橯਍㩈呜摡楡慭潜彦ぶ㠮㐮癟彳敲敬獡履灡獰浜䅹灰屳慈偰慬敹屲楢屮慈偰慬敹彲敤畢⹧楬ൢ䠊尺慔慤浩屡景癟⸰⸸弴獶牟汥慥敳慜灰屳祭灁獰䡜灡汐祡牥扜湩䡜灡汐祡牥摟扥杵氮扩਍㩈呜摡楡慭潜彦ぶ㠮㐮癟彳敲敬獡履灡獰浜䅹灰屳慈偰慬敹屲楢屮慈偰慬敹彲敤畢⹧硥൰䠊尺慔慤浩屡景癟⸰⸸弴獶牟汥慥敳慜灰屳祭灁獰䡜灡汐祡牥扜湩䡜灡汐祡牥摟扥杵攮灸਍
H:\TADAIMA\OF_V0.8.4_VS_RELEASE\APPS\MYAPPS\HAPPLAYER\BIN\HAPPLAYER_DEBUG.ILK
H:\TADAIMA\OF_V0.8.4_VS_RELEASE\APPS\MYAPPS\HAPPLAYER\BIN\HAPPLAYER_DEBUG.EXE
H:\TADAIMA\OF_V0.8.4_VS_RELEASE\APPS\MYAPPS\HAPPLAYER\BIN\HAPPLAYER_DEBUG.PDB
H:\TADAIMA\OF_V0.8.4_VS_RELEASE\APPS\MYAPPS\HAPPLAYER\OBJ\DEBUG\ICON.RES
H:\Tadaima\of_v0.8.4_vs_release\apps\myApps\HapPlayer\obj\Debug\HapPlayer.vcxprojResolveAssemblyReference.cache
H:\Tadaima\of_v0.8.4_vs_release\apps\myApps\HapPlayer\obj\Debug\HapSupport.obj
H:\Tadaima\of_v0.8.4_vs_release\apps\myApps\HapPlayer\obj\Debug\main.obj
H:\Tadaima\of_v0.8.4_vs_release\apps\myApps\HapPlayer\obj\Debug\ofApp.obj
H:\Tadaima\of_v0.8.4_vs_release\apps\myApps\HapPlayer\obj\Debug\ofxHapPlayer.obj
H:\Tadaima\of_v0.8.4_vs_release\apps\myApps\HapPlayer\obj\Debug\cl.command.1.tlog
H:\Tadaima\of_v0.8.4_vs_release\apps\myApps\HapPlayer\obj\Debug\CL.read.1.tlog
H:\Tadaima\of_v0.8.4_vs_release\apps\myApps\HapPlayer\obj\Debug\CL.write.1.tlog
H:\Tadaima\of_v0.8.4_vs_release\apps\myApps\HapPlayer\obj\Debug\HapPlayer.write.1.tlog
H:\Tadaima\of_v0.8.4_vs_release\apps\myApps\HapPlayer\obj\Debug\link-cvtres.read.1.tlog
H:\Tadaima\of_v0.8.4_vs_release\apps\myApps\HapPlayer\obj\Debug\link-cvtres.write.1.tlog
H:\Tadaima\of_v0.8.4_vs_release\apps\myApps\HapPlayer\obj\Debug\link-rc.read.1.tlog
H:\Tadaima\of_v0.8.4_vs_release\apps\myApps\HapPlayer\obj\Debug\link-rc.write.1.tlog
H:\Tadaima\of_v0.8.4_vs_release\apps\myApps\HapPlayer\obj\Debug\link.command.1.tlog
H:\Tadaima\of_v0.8.4_vs_release\apps\myApps\HapPlayer\obj\Debug\link.read.1.tlog
H:\Tadaima\of_v0.8.4_vs_release\apps\myApps\HapPlayer\obj\Debug\link.write.1.tlog
H:\Tadaima\of_v0.8.4_vs_release\apps\myApps\HapPlayer\obj\Debug\rc.command.1.tlog
H:\Tadaima\of_v0.8.4_vs_release\apps\myApps\HapPlayer\obj\Debug\rc.read.1.tlog
H:\Tadaima\of_v0.8.4_vs_release\apps\myApps\HapPlayer\obj\Debug\rc.write.1.tlog
H:\Tadaima\of_v0.8.4_vs_release\apps\myApps\HapPlayer\obj\Debug\icon.res
H:\Tadaima\of_v0.8.4_vs_release\apps\myApps\HapPlayer\obj\Debug\vc110.idb
H:\Tadaima\of_v0.8.4_vs_release\apps\myApps\HapPlayer\obj\Debug\vc110.pdb
H:\Tadaima\of_v0.8.4_vs_release\apps\myApps\HapPlayer\bin\HapPlayer_debug.exe
